# JRE version: OpenJDK Runtime Environment (21.0.2+13) (build 21.0.2+13-58)
# Java VM: OpenJDK 64-Bit Server VM (21.0.2+13-58, mixed mode, sharing, tiered, compressed oops, compressed class ptrs, g1 gc, windows-amd64)
GC Precious Log:
 CardTable entry size: 512
 Card Set container configuration: InlinePtr #cards 5 size 8 Array Of Cards #cards 12 size 40 Howl #buckets 4 coarsen threshold 1843 Howl Bitmap #cards 512 size 80 coarsen threshold 460 Card regions per heap region 1 cards per card region 2048
 CPUs: 8 total, 8 available
 Memory: 7991M
 Large Page Support: Disabled
 NUMA Support: Disabled
 Compressed Oops: Enabled (32-bit)
 Heap Region Size: 1M
 Heap Min Capacity: 8M
 Heap Initial Capacity: 126M
 Heap Max Capacity: 1998M
 Pre-touch: Disabled
 Parallel Workers: 8
 Concurrent Workers: 2
 Concurrent Refinement Workers: 8
 Periodic GC: Disabled
Heap:
 garbage-first heap   total 129024K, used 28593K [0x0000000083200000, 0x0000000100000000)
  region size 1024K, 19 young (19456K), 1 survivors (1024K)
 Metaspace       used 17933K, committed 18304K, reserved 1114112K
  class space    used 2442K, committed 2624K, reserved 1048576K
GC Heap History (20 events):
Event: 32.857 GC heap before
{Heap before GC invocations=10 (full 0):
 garbage-first heap   total 129024K, used 83744K [0x0000000083200000, 0x0000000100000000)
  region size 1024K, 75 young (76800K), 4 survivors (4096K)
 Metaspace       used 17905K, committed 18240K, reserved 1114112K
  class space    used 2442K, committed 2624K, reserved 1048576K
}
Event: 32.860 GC heap after
{Heap after GC invocations=11 (full 0):
 garbage-first heap   total 129024K, used 10924K [0x0000000083200000, 0x0000000100000000)
  region size 1024K, 3 young (3072K), 3 survivors (3072K)
 Metaspace       used 17905K, committed 18240K, reserved 1114112K
  class space    used 2442K, committed 2624K, reserved 1048576K
}
Event: 36.080 GC heap before
{Heap before GC invocations=11 (full 0):
 garbage-first heap   total 129024K, used 84652K [0x0000000083200000, 0x0000000100000000)
  region size 1024K, 75 young (76800K), 3 survivors (3072K)
 Metaspace       used 17918K, committed 18240K, reserved 1114112K
  class space    used 2442K, committed 2624K, reserved 1048576K
}
Event: 36.086 GC heap after
{Heap after GC invocations=12 (full 0):
 garbage-first heap   total 129024K, used 11209K [0x0000000083200000, 0x0000000100000000)
  region size 1024K, 4 young (4096K), 4 survivors (4096K)
 Metaspace       used 17918K, committed 18240K, reserved 1114112K
  class space    used 2442K, committed 2624K, reserved 1048576K
}
Event: 39.178 GC heap before
{Heap before GC invocations=12 (full 0):
 garbage-first heap   total 129024K, used 83913K [0x0000000083200000, 0x0000000100000000)
  region size 1024K, 75 young (76800K), 4 survivors (4096K)
 Metaspace       used 17918K, committed 18240K, reserved 1114112K
  class space    used 2442K, committed 2624K, reserved 1048576K
}
Event: 39.182 GC heap after
{Heap after GC invocations=13 (full 0):
 garbage-first heap   total 129024K, used 11042K [0x0000000083200000, 0x0000000100000000)
  region size 1024K, 4 young (4096K), 4 survivors (4096K)
 Metaspace       used 17918K, committed 18240K, reserved 1114112K
  class space    used 2442K, committed 2624K, reserved 1048576K
}
Event: 42.419 GC heap before
{Heap before GC invocations=13 (full 0):
 garbage-first heap   total 129024K, used 83746K [0x0000000083200000, 0x0000000100000000)
  region size 1024K, 75 young (76800K), 4 survivors (4096K)
 Metaspace       used 17920K, committed 18240K, reserved 1114112K
  class space    used 2442K, committed 2624K, reserved 1048576K
}
Event: 42.422 GC heap after
{Heap after GC invocations=14 (full 0):
 garbage-first heap   total 129024K, used 11040K [0x0000000083200000, 0x0000000100000000)
  region size 1024K, 4 young (4096K), 4 survivors (4096K)
 Metaspace       used 17920K, committed 18240K, reserved 1114112K
  class space    used 2442K, committed 2624K, reserved 1048576K
}
Event: 45.569 GC heap before
{Heap before GC invocations=14 (full 0):
 garbage-first heap   total 129024K, used 83744K [0x0000000083200000, 0x0000000100000000)
  region size 1024K, 75 young (76800K), 4 survivors (4096K)
 Metaspace       used 17932K, committed 18304K, reserved 1114112K
  class space    used 2442K, committed 2624K, reserved 1048576K
}
Event: 45.572 GC heap after
{Heap after GC invocations=15 (full 0):
 garbage-first heap   total 129024K, used 11039K [0x0000000083200000, 0x0000000100000000)
  region size 1024K, 4 young (4096K), 4 survivors (4096K)
 Metaspace       used 17932K, committed 18304K, reserved 1114112K
  class space    used 2442K, committed 2624K, reserved 1048576K
}
Event: 48.718 GC heap before
{Heap before GC invocations=15 (full 0):
 garbage-first heap   total 129024K, used 83743K [0x0000000083200000, 0x0000000100000000)
  region size 1024K, 75 young (76800K), 4 survivors (4096K)
 Metaspace       used 17932K, committed 18304K, reserved 1114112K
  class space    used 2442K, committed 2624K, reserved 1048576K
}
Event: 48.721 GC heap after
{Heap after GC invocations=16 (full 0):
 garbage-first heap   total 129024K, used 10955K [0x0000000083200000, 0x0000000100000000)
  region size 1024K, 3 young (3072K), 3 survivors (3072K)
 Metaspace       used 17932K, committed 18304K, reserved 1114112K
  class space    used 2442K, committed 2624K, reserved 1048576K
}
Event: 52.037 GC heap before
{Heap before GC invocations=16 (full 0):
 garbage-first heap   total 129024K, used 84683K [0x0000000083200000, 0x0000000100000000)
  region size 1024K, 75 young (76800K), 3 survivors (3072K)
 Metaspace       used 17933K, committed 18304K, reserved 1114112K
  class space    used 2442K, committed 2624K, reserved 1048576K
}
Event: 52.040 GC heap after
{Heap after GC invocations=17 (full 0):
 garbage-first heap   total 129024K, used 10955K [0x0000000083200000, 0x0000000100000000)
  region size 1024K, 3 young (3072K), 3 survivors (3072K)
 Metaspace       used 17933K, committed 18304K, reserved 1114112K
  class space    used 2442K, committed 2624K, reserved 1048576K
}
Event: 55.247 GC heap before
{Heap before GC invocations=17 (full 0):
 garbage-first heap   total 129024K, used 84683K [0x0000000083200000, 0x0000000100000000)
  region size 1024K, 75 young (76800K), 3 survivors (3072K)
 Metaspace       used 17933K, committed 18304K, reserved 1114112K
  class space    used 2442K, committed 2624K, reserved 1048576K
}
Event: 55.250 GC heap after
{Heap after GC invocations=18 (full 0):
 garbage-first heap   total 129024K, used 11285K [0x0000000083200000, 0x0000000100000000)
  region size 1024K, 1 young (1024K), 1 survivors (1024K)
 Metaspace       used 17933K, committed 18304K, reserved 1114112K
  class space    used 2442K, committed 2624K, reserved 1048576K
}
Event: 58.653 GC heap before
{Heap before GC invocations=18 (full 0):
 garbage-first heap   total 129024K, used 87061K [0x0000000083200000, 0x0000000100000000)
  region size 1024K, 75 young (76800K), 1 survivors (1024K)
 Metaspace       used 17933K, committed 18304K, reserved 1114112K
  class space    used 2442K, committed 2624K, reserved 1048576K
}
Event: 58.654 GC heap after
{Heap after GC invocations=19 (full 0):
 garbage-first heap   total 129024K, used 11180K [0x0000000083200000, 0x0000000100000000)
  region size 1024K, 1 young (1024K), 1 survivors (1024K)
 Metaspace       used 17933K, committed 18304K, reserved 1114112K
  class space    used 2442K, committed 2624K, reserved 1048576K
}
Event: 61.966 GC heap before
{Heap before GC invocations=19 (full 0):
 garbage-first heap   total 129024K, used 86956K [0x0000000083200000, 0x0000000100000000)
  region size 1024K, 75 young (76800K), 1 survivors (1024K)
 Metaspace       used 17933K, committed 18304K, reserved 1114112K
  class space    used 2442K, committed 2624K, reserved 1048576K
}
Event: 61.967 GC heap after
{Heap after GC invocations=20 (full 0):
 garbage-first heap   total 129024K, used 11185K [0x0000000083200000, 0x0000000100000000)
  region size 1024K, 1 young (1024K), 1 survivors (1024K)
 Metaspace       used 17933K, committed 18304K, reserved 1114112K
  class space    used 2442K, committed 2624K, reserved 1048576K
}

