# JRE version: OpenJDK Runtime Environment (21.0.2+13) (build 21.0.2+13-58)
# Java VM: OpenJDK 64-Bit Server VM (21.0.2+13-58, mixed mode, sharing, tiered, compressed oops, compressed class ptrs, g1 gc, windows-amd64)
GC Precious Log:
 CardTable entry size: 512
 Card Set container configuration: InlinePtr #cards 5 size 8 Array Of Cards #cards 12 size 40 Howl #buckets 4 coarsen threshold 1843 Howl Bitmap #cards 512 size 80 coarsen threshold 460 Card regions per heap region 1 cards per card region 2048
 CPUs: 8 total, 8 available
 Memory: 7991M
 Large Page Support: Disabled
 NUMA Support: Disabled
 Compressed Oops: Enabled (32-bit)
 Heap Region Size: 1M
 Heap Min Capacity: 8M
 Heap Initial Capacity: 126M
 Heap Max Capacity: 1998M
 Pre-touch: Disabled
 Parallel Workers: 8
 Concurrent Workers: 2
 Concurrent Refinement Workers: 8
 Periodic GC: Disabled
Heap:
 garbage-first heap   total 129024K, used 35763K [0x0000000083200000, 0x0000000100000000)
  region size 1024K, 28 young (28672K), 4 survivors (4096K)
 Metaspace       used 18142K, committed 18560K, reserved 1114112K
  class space    used 2441K, committed 2624K, reserved 1048576K
GC Heap History (20 events):
Event: 20.415 GC heap before
{Heap before GC invocations=6 (full 0):
 garbage-first heap   total 129024K, used 85031K [0x0000000083200000, 0x0000000100000000)
  region size 1024K, 75 young (76800K), 3 survivors (3072K)
 Metaspace       used 17838K, committed 18176K, reserved 1114112K
  class space    used 2441K, committed 2624K, reserved 1048576K
}
Event: 20.418 GC heap after
{Heap after GC invocations=7 (full 0):
 garbage-first heap   total 129024K, used 11390K [0x0000000083200000, 0x0000000100000000)
  region size 1024K, 4 young (4096K), 4 survivors (4096K)
 Metaspace       used 17838K, committed 18176K, reserved 1114112K
  class space    used 2441K, committed 2624K, reserved 1048576K
}
Event: 23.514 GC heap before
{Heap before GC invocations=7 (full 0):
 garbage-first heap   total 129024K, used 84094K [0x0000000083200000, 0x0000000100000000)
  region size 1024K, 75 young (76800K), 4 survivors (4096K)
 Metaspace       used 18021K, committed 18432K, reserved 1114112K
  class space    used 2441K, committed 2624K, reserved 1048576K
}
Event: 23.517 GC heap after
{Heap after GC invocations=8 (full 0):
 garbage-first heap   total 129024K, used 12164K [0x0000000083200000, 0x0000000100000000)
  region size 1024K, 4 young (4096K), 4 survivors (4096K)
 Metaspace       used 18021K, committed 18432K, reserved 1114112K
  class space    used 2441K, committed 2624K, reserved 1048576K
}
Event: 26.691 GC heap before
{Heap before GC invocations=8 (full 0):
 garbage-first heap   total 129024K, used 84868K [0x0000000083200000, 0x0000000100000000)
  region size 1024K, 75 young (76800K), 4 survivors (4096K)
 Metaspace       used 18127K, committed 18496K, reserved 1114112K
  class space    used 2441K, committed 2624K, reserved 1048576K
}
Event: 26.694 GC heap after
{Heap after GC invocations=9 (full 0):
 garbage-first heap   total 129024K, used 12151K [0x0000000083200000, 0x0000000100000000)
  region size 1024K, 4 young (4096K), 4 survivors (4096K)
 Metaspace       used 18127K, committed 18496K, reserved 1114112K
  class space    used 2441K, committed 2624K, reserved 1048576K
}
Event: 29.972 GC heap before
{Heap before GC invocations=9 (full 0):
 garbage-first heap   total 129024K, used 84855K [0x0000000083200000, 0x0000000100000000)
  region size 1024K, 75 young (76800K), 4 survivors (4096K)
 Metaspace       used 18127K, committed 18496K, reserved 1114112K
  class space    used 2441K, committed 2624K, reserved 1048576K
}
Event: 29.975 GC heap after
{Heap after GC invocations=10 (full 0):
 garbage-first heap   total 129024K, used 12110K [0x0000000083200000, 0x0000000100000000)
  region size 1024K, 4 young (4096K), 4 survivors (4096K)
 Metaspace       used 18127K, committed 18496K, reserved 1114112K
  class space    used 2441K, committed 2624K, reserved 1048576K
}
Event: 33.193 GC heap before
{Heap before GC invocations=10 (full 0):
 garbage-first heap   total 129024K, used 84814K [0x0000000083200000, 0x0000000100000000)
  region size 1024K, 75 young (76800K), 4 survivors (4096K)
 Metaspace       used 18127K, committed 18496K, reserved 1114112K
  class space    used 2441K, committed 2624K, reserved 1048576K
}
Event: 33.196 GC heap after
{Heap after GC invocations=11 (full 0):
 garbage-first heap   total 129024K, used 12238K [0x0000000083200000, 0x0000000100000000)
  region size 1024K, 4 young (4096K), 4 survivors (4096K)
 Metaspace       used 18127K, committed 18496K, reserved 1114112K
  class space    used 2441K, committed 2624K, reserved 1048576K
}
Event: 36.727 GC heap before
{Heap before GC invocations=11 (full 0):
 garbage-first heap   total 129024K, used 84942K [0x0000000083200000, 0x0000000100000000)
  region size 1024K, 75 young (76800K), 4 survivors (4096K)
 Metaspace       used 18130K, committed 18496K, reserved 1114112K
  class space    used 2441K, committed 2624K, reserved 1048576K
}
Event: 36.731 GC heap after
{Heap after GC invocations=12 (full 0):
 garbage-first heap   total 129024K, used 12108K [0x0000000083200000, 0x0000000100000000)
  region size 1024K, 4 young (4096K), 4 survivors (4096K)
 Metaspace       used 18130K, committed 18496K, reserved 1114112K
  class space    used 2441K, committed 2624K, reserved 1048576K
}
Event: 40.020 GC heap before
{Heap before GC invocations=12 (full 0):
 garbage-first heap   total 129024K, used 84812K [0x0000000083200000, 0x0000000100000000)
  region size 1024K, 75 young (76800K), 4 survivors (4096K)
 Metaspace       used 18141K, committed 18560K, reserved 1114112K
  class space    used 2441K, committed 2624K, reserved 1048576K
}
Event: 40.025 GC heap after
{Heap after GC invocations=13 (full 0):
 garbage-first heap   total 129024K, used 12258K [0x0000000083200000, 0x0000000100000000)
  region size 1024K, 4 young (4096K), 4 survivors (4096K)
 Metaspace       used 18141K, committed 18560K, reserved 1114112K
  class space    used 2441K, committed 2624K, reserved 1048576K
}
Event: 43.453 GC heap before
{Heap before GC invocations=13 (full 0):
 garbage-first heap   total 129024K, used 84962K [0x0000000083200000, 0x0000000100000000)
  region size 1024K, 75 young (76800K), 4 survivors (4096K)
 Metaspace       used 18141K, committed 18560K, reserved 1114112K
  class space    used 2441K, committed 2624K, reserved 1048576K
}
Event: 43.457 GC heap after
{Heap after GC invocations=14 (full 0):
 garbage-first heap   total 129024K, used 12143K [0x0000000083200000, 0x0000000100000000)
  region size 1024K, 4 young (4096K), 4 survivors (4096K)
 Metaspace       used 18141K, committed 18560K, reserved 1114112K
  class space    used 2441K, committed 2624K, reserved 1048576K
}
Event: 46.821 GC heap before
{Heap before GC invocations=14 (full 0):
 garbage-first heap   total 129024K, used 84847K [0x0000000083200000, 0x0000000100000000)
  region size 1024K, 75 young (76800K), 4 survivors (4096K)
 Metaspace       used 18141K, committed 18560K, reserved 1114112K
  class space    used 2441K, committed 2624K, reserved 1048576K
}
Event: 46.825 GC heap after
{Heap after GC invocations=15 (full 0):
 garbage-first heap   total 129024K, used 12440K [0x0000000083200000, 0x0000000100000000)
  region size 1024K, 5 young (5120K), 5 survivors (5120K)
 Metaspace       used 18141K, committed 18560K, reserved 1114112K
  class space    used 2441K, committed 2624K, reserved 1048576K
}
Event: 50.082 GC heap before
{Heap before GC invocations=15 (full 0):
 garbage-first heap   total 129024K, used 84120K [0x0000000083200000, 0x0000000100000000)
  region size 1024K, 75 young (76800K), 5 survivors (5120K)
 Metaspace       used 18142K, committed 18560K, reserved 1114112K
  class space    used 2441K, committed 2624K, reserved 1048576K
}
Event: 50.087 GC heap after
{Heap after GC invocations=16 (full 0):
 garbage-first heap   total 129024K, used 12211K [0x0000000083200000, 0x0000000100000000)
  region size 1024K, 4 young (4096K), 4 survivors (4096K)
 Metaspace       used 18142K, committed 18560K, reserved 1114112K
  class space    used 2441K, committed 2624K, reserved 1048576K
}

