# JRE version: OpenJDK Runtime Environment (21.0.2+13) (build 21.0.2+13-58)
# Java VM: OpenJDK 64-Bit Server VM (21.0.2+13-58, mixed mode, sharing, tiered, compressed oops, compressed class ptrs, g1 gc, windows-amd64)
GC Precious Log:
 CardTable entry size: 512
 Card Set container configuration: InlinePtr #cards 5 size 8 Array Of Cards #cards 12 size 40 Howl #buckets 4 coarsen threshold 1843 Howl Bitmap #cards 512 size 80 coarsen threshold 460 Card regions per heap region 1 cards per card region 2048
 CPUs: 8 total, 8 available
 Memory: 7991M
 Large Page Support: Disabled
 NUMA Support: Disabled
 Compressed Oops: Enabled (32-bit)
 Heap Region Size: 1M
 Heap Min Capacity: 8M
 Heap Initial Capacity: 126M
 Heap Max Capacity: 1998M
 Pre-touch: Disabled
 Parallel Workers: 8
 Concurrent Workers: 2
 Concurrent Refinement Workers: 8
 Periodic GC: Disabled
Heap:
 garbage-first heap   total 129024K, used 44254K [0x0000000083200000, 0x0000000100000000)
  region size 1024K, 31 young (31744K), 1 survivors (1024K)
 Metaspace       used 18152K, committed 18496K, reserved 1114112K
  class space    used 2452K, committed 2624K, reserved 1048576K
GC Heap History (20 events):
Event: 149.615 GC heap before
{Heap before GC invocations=311 (full 0):
 garbage-first heap   total 129024K, used 90994K [0x0000000083200000, 0x0000000100000000)
  region size 1024K, 75 young (76800K), 1 survivors (1024K)
 Metaspace       used 18152K, committed 18496K, reserved 1114112K
  class space    used 2452K, committed 2624K, reserved 1048576K
}
Event: 149.616 GC heap after
{Heap after GC invocations=312 (full 0):
 garbage-first heap   total 129024K, used 14194K [0x0000000083200000, 0x0000000100000000)
  region size 1024K, 1 young (1024K), 1 survivors (1024K)
 Metaspace       used 18152K, committed 18496K, reserved 1114112K
  class space    used 2452K, committed 2624K, reserved 1048576K
}
Event: 150.055 GC heap before
{Heap before GC invocations=312 (full 0):
 garbage-first heap   total 129024K, used 90994K [0x0000000083200000, 0x0000000100000000)
  region size 1024K, 75 young (76800K), 1 survivors (1024K)
 Metaspace       used 18152K, committed 18496K, reserved 1114112K
  class space    used 2452K, committed 2624K, reserved 1048576K
}
Event: 150.056 GC heap after
{Heap after GC invocations=313 (full 0):
 garbage-first heap   total 129024K, used 14552K [0x0000000083200000, 0x0000000100000000)
  region size 1024K, 1 young (1024K), 1 survivors (1024K)
 Metaspace       used 18152K, committed 18496K, reserved 1114112K
  class space    used 2452K, committed 2624K, reserved 1048576K
}
Event: 150.511 GC heap before
{Heap before GC invocations=313 (full 0):
 garbage-first heap   total 129024K, used 90328K [0x0000000083200000, 0x0000000100000000)
  region size 1024K, 75 young (76800K), 1 survivors (1024K)
 Metaspace       used 18152K, committed 18496K, reserved 1114112K
  class space    used 2452K, committed 2624K, reserved 1048576K
}
Event: 150.512 GC heap after
{Heap after GC invocations=314 (full 0):
 garbage-first heap   total 129024K, used 14554K [0x0000000083200000, 0x0000000100000000)
  region size 1024K, 1 young (1024K), 1 survivors (1024K)
 Metaspace       used 18152K, committed 18496K, reserved 1114112K
  class space    used 2452K, committed 2624K, reserved 1048576K
}
Event: 150.966 GC heap before
{Heap before GC invocations=314 (full 0):
 garbage-first heap   total 129024K, used 90330K [0x0000000083200000, 0x0000000100000000)
  region size 1024K, 75 young (76800K), 1 survivors (1024K)
 Metaspace       used 18152K, committed 18496K, reserved 1114112K
  class space    used 2452K, committed 2624K, reserved 1048576K
}
Event: 150.967 GC heap after
{Heap after GC invocations=315 (full 0):
 garbage-first heap   total 129024K, used 14552K [0x0000000083200000, 0x0000000100000000)
  region size 1024K, 1 young (1024K), 1 survivors (1024K)
 Metaspace       used 18152K, committed 18496K, reserved 1114112K
  class space    used 2452K, committed 2624K, reserved 1048576K
}
Event: 151.415 GC heap before
{Heap before GC invocations=315 (full 0):
 garbage-first heap   total 129024K, used 90328K [0x0000000083200000, 0x0000000100000000)
  region size 1024K, 75 young (76800K), 1 survivors (1024K)
 Metaspace       used 18152K, committed 18496K, reserved 1114112K
  class space    used 2452K, committed 2624K, reserved 1048576K
}
Event: 151.416 GC heap after
{Heap after GC invocations=316 (full 0):
 garbage-first heap   total 129024K, used 14550K [0x0000000083200000, 0x0000000100000000)
  region size 1024K, 1 young (1024K), 1 survivors (1024K)
 Metaspace       used 18152K, committed 18496K, reserved 1114112K
  class space    used 2452K, committed 2624K, reserved 1048576K
}
Event: 151.863 GC heap before
{Heap before GC invocations=316 (full 0):
 garbage-first heap   total 129024K, used 90326K [0x0000000083200000, 0x0000000100000000)
  region size 1024K, 75 young (76800K), 1 survivors (1024K)
 Metaspace       used 18152K, committed 18496K, reserved 1114112K
  class space    used 2452K, committed 2624K, reserved 1048576K
}
Event: 151.864 GC heap after
{Heap after GC invocations=317 (full 0):
 garbage-first heap   total 129024K, used 14554K [0x0000000083200000, 0x0000000100000000)
  region size 1024K, 1 young (1024K), 1 survivors (1024K)
 Metaspace       used 18152K, committed 18496K, reserved 1114112K
  class space    used 2452K, committed 2624K, reserved 1048576K
}
Event: 152.313 GC heap before
{Heap before GC invocations=317 (full 0):
 garbage-first heap   total 129024K, used 90330K [0x0000000083200000, 0x0000000100000000)
  region size 1024K, 75 young (76800K), 1 survivors (1024K)
 Metaspace       used 18152K, committed 18496K, reserved 1114112K
  class space    used 2452K, committed 2624K, reserved 1048576K
}
Event: 152.314 GC heap after
{Heap after GC invocations=318 (full 0):
 garbage-first heap   total 129024K, used 14554K [0x0000000083200000, 0x0000000100000000)
  region size 1024K, 1 young (1024K), 1 survivors (1024K)
 Metaspace       used 18152K, committed 18496K, reserved 1114112K
  class space    used 2452K, committed 2624K, reserved 1048576K
}
Event: 152.763 GC heap before
{Heap before GC invocations=318 (full 0):
 garbage-first heap   total 129024K, used 90330K [0x0000000083200000, 0x0000000100000000)
  region size 1024K, 75 young (76800K), 1 survivors (1024K)
 Metaspace       used 18152K, committed 18496K, reserved 1114112K
  class space    used 2452K, committed 2624K, reserved 1048576K
}
Event: 152.764 GC heap after
{Heap after GC invocations=319 (full 0):
 garbage-first heap   total 129024K, used 14198K [0x0000000083200000, 0x0000000100000000)
  region size 1024K, 1 young (1024K), 1 survivors (1024K)
 Metaspace       used 18152K, committed 18496K, reserved 1114112K
  class space    used 2452K, committed 2624K, reserved 1048576K
}
Event: 153.210 GC heap before
{Heap before GC invocations=319 (full 0):
 garbage-first heap   total 129024K, used 90998K [0x0000000083200000, 0x0000000100000000)
  region size 1024K, 75 young (76800K), 1 survivors (1024K)
 Metaspace       used 18152K, committed 18496K, reserved 1114112K
  class space    used 2452K, committed 2624K, reserved 1048576K
}
Event: 153.211 GC heap after
{Heap after GC invocations=320 (full 0):
 garbage-first heap   total 129024K, used 14198K [0x0000000083200000, 0x0000000100000000)
  region size 1024K, 1 young (1024K), 1 survivors (1024K)
 Metaspace       used 18152K, committed 18496K, reserved 1114112K
  class space    used 2452K, committed 2624K, reserved 1048576K
}
Event: 153.656 GC heap before
{Heap before GC invocations=320 (full 0):
 garbage-first heap   total 129024K, used 89974K [0x0000000083200000, 0x0000000100000000)
  region size 1024K, 75 young (76800K), 1 survivors (1024K)
 Metaspace       used 18152K, committed 18496K, reserved 1114112K
  class space    used 2452K, committed 2624K, reserved 1048576K
}
Event: 153.656 GC heap after
{Heap after GC invocations=321 (full 0):
 garbage-first heap   total 129024K, used 14558K [0x0000000083200000, 0x0000000100000000)
  region size 1024K, 1 young (1024K), 1 survivors (1024K)
 Metaspace       used 18152K, committed 18496K, reserved 1114112K
  class space    used 2452K, committed 2624K, reserved 1048576K
}

